2018-06-14 17:47:41,851 [Thread-2:10604] [django.request:135] [exception:handle_uncaught_exception] [ERROR]- Internal Server Error: /blog/
Traceback (most recent call last):
  File "D:\Python36\lib\site-packages\django\core\handlers\exception.py", line 41, in inner
    response = get_response(request)
  File "D:\Python36\lib\site-packages\django\core\handlers\base.py", line 187, in _get_response
    response = self.process_exception_by_middleware(e, request)
  File "D:\Python36\lib\site-packages\django\core\handlers\base.py", line 185, in _get_response
    response = wrapped_callback(request, *callback_args, **callback_kwargs)
  File "D:\Myblog\Myblog\x_blog\views.py", line 16, in blog
    return render(request, 'x_blog/blog.html', locals())
  File "D:\Python36\lib\site-packages\django\shortcuts.py", line 30, in render
    content = loader.render_to_string(template_name, context, request, using=using)
  File "D:\Python36\lib\site-packages\django\template\loader.py", line 68, in render_to_string
    return template.render(context, request)
  File "D:\Python36\lib\site-packages\django\template\backends\django.py", line 66, in render
    return self.template.render(context)
  File "D:\Python36\lib\site-packages\django\template\base.py", line 207, in render
    return self._render(context)
  File "D:\Python36\lib\site-packages\django\template\base.py", line 199, in _render
    return self.nodelist.render(context)
  File "D:\Python36\lib\site-packages\django\template\base.py", line 990, in render
    bit = node.render_annotated(context)
  File "D:\Python36\lib\site-packages\django\template\base.py", line 957, in render_annotated
    return self.render(context)
  File "D:\Python36\lib\site-packages\django\template\loader_tags.py", line 177, in render
    return compiled_parent._render(context)
  File "D:\Python36\lib\site-packages\django\template\base.py", line 199, in _render
    return self.nodelist.render(context)
  File "D:\Python36\lib\site-packages\django\template\base.py", line 990, in render
    bit = node.render_annotated(context)
  File "D:\Python36\lib\site-packages\django\template\base.py", line 957, in render_annotated
    return self.render(context)
  File "D:\Python36\lib\site-packages\django\template\loader_tags.py", line 72, in render
    result = block.nodelist.render(context)
  File "D:\Python36\lib\site-packages\django\template\base.py", line 990, in render
    bit = node.render_annotated(context)
  File "D:\Python36\lib\site-packages\django\template\base.py", line 957, in render_annotated
    return self.render(context)
  File "D:\Python36\lib\site-packages\django\template\defaulttags.py", line 216, in render
    nodelist.append(node.render_annotated(context))
  File "D:\Python36\lib\site-packages\django\template\base.py", line 957, in render_annotated
    return self.render(context)
  File "D:\Python36\lib\site-packages\django\template\base.py", line 1040, in render
    output = self.filter_expression.resolve(context)
  File "D:\Python36\lib\site-packages\django\template\base.py", line 708, in resolve
    obj = self.var.resolve(context)
  File "D:\Python36\lib\site-packages\django\template\base.py", line 849, in resolve
    value = self._resolve_lookup(context)
  File "D:\Python36\lib\site-packages\django\template\base.py", line 911, in _resolve_lookup
    current = current()
  File "D:\Myblog\Myblog\x_blog\models.py", line 62, in increase_like
    self.like += 1
AttributeError: 'Post' object has no attribute 'like'
2018-06-14 17:49:13,578 [Thread-2:6908] [django.request:135] [exception:handle_uncaught_exception] [ERROR]- Internal Server Error: /blog/
Traceback (most recent call last):
  File "D:\Python36\lib\site-packages\django\core\handlers\exception.py", line 41, in inner
    response = get_response(request)
  File "D:\Python36\lib\site-packages\django\core\handlers\base.py", line 187, in _get_response
    response = self.process_exception_by_middleware(e, request)
  File "D:\Python36\lib\site-packages\django\core\handlers\base.py", line 185, in _get_response
    response = wrapped_callback(request, *callback_args, **callback_kwargs)
  File "D:\Myblog\Myblog\x_blog\views.py", line 16, in blog
    return render(request, 'x_blog/blog.html', locals())
  File "D:\Python36\lib\site-packages\django\shortcuts.py", line 30, in render
    content = loader.render_to_string(template_name, context, request, using=using)
  File "D:\Python36\lib\site-packages\django\template\loader.py", line 68, in render_to_string
    return template.render(context, request)
  File "D:\Python36\lib\site-packages\django\template\backends\django.py", line 66, in render
    return self.template.render(context)
  File "D:\Python36\lib\site-packages\django\template\base.py", line 207, in render
    return self._render(context)
  File "D:\Python36\lib\site-packages\django\template\base.py", line 199, in _render
    return self.nodelist.render(context)
  File "D:\Python36\lib\site-packages\django\template\base.py", line 990, in render
    bit = node.render_annotated(context)
  File "D:\Python36\lib\site-packages\django\template\base.py", line 957, in render_annotated
    return self.render(context)
  File "D:\Python36\lib\site-packages\django\template\loader_tags.py", line 177, in render
    return compiled_parent._render(context)
  File "D:\Python36\lib\site-packages\django\template\base.py", line 199, in _render
    return self.nodelist.render(context)
  File "D:\Python36\lib\site-packages\django\template\base.py", line 990, in render
    bit = node.render_annotated(context)
  File "D:\Python36\lib\site-packages\django\template\base.py", line 957, in render_annotated
    return self.render(context)
  File "D:\Python36\lib\site-packages\django\template\loader_tags.py", line 72, in render
    result = block.nodelist.render(context)
  File "D:\Python36\lib\site-packages\django\template\base.py", line 990, in render
    bit = node.render_annotated(context)
  File "D:\Python36\lib\site-packages\django\template\base.py", line 957, in render_annotated
    return self.render(context)
  File "D:\Python36\lib\site-packages\django\template\defaulttags.py", line 216, in render
    nodelist.append(node.render_annotated(context))
  File "D:\Python36\lib\site-packages\django\template\base.py", line 957, in render_annotated
    return self.render(context)
  File "D:\Python36\lib\site-packages\django\template\base.py", line 1040, in render
    output = self.filter_expression.resolve(context)
  File "D:\Python36\lib\site-packages\django\template\base.py", line 708, in resolve
    obj = self.var.resolve(context)
  File "D:\Python36\lib\site-packages\django\template\base.py", line 849, in resolve
    value = self._resolve_lookup(context)
  File "D:\Python36\lib\site-packages\django\template\base.py", line 911, in _resolve_lookup
    current = current()
  File "D:\Myblog\Myblog\x_blog\models.py", line 62, in increase_like
    self.like += 1
AttributeError: 'Post' object has no attribute 'like'
2018-06-19 14:27:44,903 [Thread-7:11332] [django.request:135] [exception:handle_uncaught_exception] [ERROR]- Internal Server Error: /index/
Traceback (most recent call last):
  File "D:\Myblog\xblogff\lib\site-packages\django\core\handlers\exception.py", line 41, in inner
    response = get_response(request)
  File "D:\Myblog\xblogff\lib\site-packages\django\core\handlers\base.py", line 187, in _get_response
    response = self.process_exception_by_middleware(e, request)
  File "D:\Myblog\xblogff\lib\site-packages\django\core\handlers\base.py", line 185, in _get_response
    response = wrapped_callback(request, *callback_args, **callback_kwargs)
  File "D:\Myblog\Myblog\x_blog\views.py", line 10, in index
    return render(request, 'x_blog/index.html', locals())
  File "D:\Myblog\xblogff\lib\site-packages\django\shortcuts.py", line 30, in render
    content = loader.render_to_string(template_name, context, request, using=using)
  File "D:\Myblog\xblogff\lib\site-packages\django\template\loader.py", line 68, in render_to_string
    return template.render(context, request)
  File "D:\Myblog\xblogff\lib\site-packages\django\template\backends\django.py", line 66, in render
    return self.template.render(context)
  File "D:\Myblog\xblogff\lib\site-packages\django\template\base.py", line 207, in render
    return self._render(context)
  File "D:\Myblog\xblogff\lib\site-packages\django\template\base.py", line 199, in _render
    return self.nodelist.render(context)
  File "D:\Myblog\xblogff\lib\site-packages\django\template\base.py", line 990, in render
    bit = node.render_annotated(context)
  File "D:\Myblog\xblogff\lib\site-packages\django\template\base.py", line 957, in render_annotated
    return self.render(context)
  File "D:\Myblog\xblogff\lib\site-packages\django\template\loader_tags.py", line 177, in render
    return compiled_parent._render(context)
  File "D:\Myblog\xblogff\lib\site-packages\django\template\base.py", line 199, in _render
    return self.nodelist.render(context)
  File "D:\Myblog\xblogff\lib\site-packages\django\template\base.py", line 990, in render
    bit = node.render_annotated(context)
  File "D:\Myblog\xblogff\lib\site-packages\django\template\base.py", line 957, in render_annotated
    return self.render(context)
  File "D:\Myblog\xblogff\lib\site-packages\django\template\defaulttags.py", line 458, in render
    url = reverse(view_name, args=args, kwargs=kwargs, current_app=current_app)
  File "D:\Myblog\xblogff\lib\site-packages\django\urls\base.py", line 91, in reverse
    return force_text(iri_to_uri(resolver._reverse_with_prefix(view, prefix, *args, **kwargs)))
  File "D:\Myblog\xblogff\lib\site-packages\django\urls\resolvers.py", line 497, in _reverse_with_prefix
    raise NoReverseMatch(msg)
django.urls.exceptions.NoReverseMatch: Reverse for 'haystack_search' not found. 'haystack_search' is not a valid view function or pattern name.
2018-06-19 14:27:48,721 [Thread-6:9144] [django.request:135] [exception:handle_uncaught_exception] [ERROR]- Internal Server Error: /index/
Traceback (most recent call last):
  File "D:\Myblog\xblogff\lib\site-packages\django\core\handlers\exception.py", line 41, in inner
    response = get_response(request)
  File "D:\Myblog\xblogff\lib\site-packages\django\core\handlers\base.py", line 187, in _get_response
    response = self.process_exception_by_middleware(e, request)
  File "D:\Myblog\xblogff\lib\site-packages\django\core\handlers\base.py", line 185, in _get_response
    response = wrapped_callback(request, *callback_args, **callback_kwargs)
  File "D:\Myblog\Myblog\x_blog\views.py", line 10, in index
    return render(request, 'x_blog/index.html', locals())
  File "D:\Myblog\xblogff\lib\site-packages\django\shortcuts.py", line 30, in render
    content = loader.render_to_string(template_name, context, request, using=using)
  File "D:\Myblog\xblogff\lib\site-packages\django\template\loader.py", line 68, in render_to_string
    return template.render(context, request)
  File "D:\Myblog\xblogff\lib\site-packages\django\template\backends\django.py", line 66, in render
    return self.template.render(context)
  File "D:\Myblog\xblogff\lib\site-packages\django\template\base.py", line 207, in render
    return self._render(context)
  File "D:\Myblog\xblogff\lib\site-packages\django\template\base.py", line 199, in _render
    return self.nodelist.render(context)
  File "D:\Myblog\xblogff\lib\site-packages\django\template\base.py", line 990, in render
    bit = node.render_annotated(context)
  File "D:\Myblog\xblogff\lib\site-packages\django\template\base.py", line 957, in render_annotated
    return self.render(context)
  File "D:\Myblog\xblogff\lib\site-packages\django\template\loader_tags.py", line 177, in render
    return compiled_parent._render(context)
  File "D:\Myblog\xblogff\lib\site-packages\django\template\base.py", line 199, in _render
    return self.nodelist.render(context)
  File "D:\Myblog\xblogff\lib\site-packages\django\template\base.py", line 990, in render
    bit = node.render_annotated(context)
  File "D:\Myblog\xblogff\lib\site-packages\django\template\base.py", line 957, in render_annotated
    return self.render(context)
  File "D:\Myblog\xblogff\lib\site-packages\django\template\defaulttags.py", line 458, in render
    url = reverse(view_name, args=args, kwargs=kwargs, current_app=current_app)
  File "D:\Myblog\xblogff\lib\site-packages\django\urls\base.py", line 91, in reverse
    return force_text(iri_to_uri(resolver._reverse_with_prefix(view, prefix, *args, **kwargs)))
  File "D:\Myblog\xblogff\lib\site-packages\django\urls\resolvers.py", line 497, in _reverse_with_prefix
    raise NoReverseMatch(msg)
django.urls.exceptions.NoReverseMatch: Reverse for 'haystack_search' not found. 'haystack_search' is not a valid view function or pattern name.
2018-06-21 15:09:39,644 [Thread-4:3112] [django.request:135] [exception:handle_uncaught_exception] [ERROR]- Internal Server Error: /search/
Traceback (most recent call last):
  File "D:\Myblog\xblogff\lib\site-packages\django\core\handlers\exception.py", line 41, in inner
    response = get_response(request)
  File "D:\Myblog\xblogff\lib\site-packages\django\core\handlers\base.py", line 187, in _get_response
    response = self.process_exception_by_middleware(e, request)
  File "D:\Myblog\xblogff\lib\site-packages\django\core\handlers\base.py", line 185, in _get_response
    response = wrapped_callback(request, *callback_args, **callback_kwargs)
  File "D:\Myblog\xblogff\lib\site-packages\haystack\views.py", line 51, in __call__
    return self.create_response()
  File "D:\Myblog\xblogff\lib\site-packages\haystack\views.py", line 152, in create_response
    return render(self.request, self.template, context)
  File "D:\Myblog\xblogff\lib\site-packages\django\shortcuts.py", line 30, in render
    content = loader.render_to_string(template_name, context, request, using=using)
  File "D:\Myblog\xblogff\lib\site-packages\django\template\loader.py", line 67, in render_to_string
    template = get_template(template_name, using=using)
  File "D:\Myblog\xblogff\lib\site-packages\django\template\loader.py", line 21, in get_template
    return engine.get_template(template_name)
  File "D:\Myblog\xblogff\lib\site-packages\django\template\backends\django.py", line 39, in get_template
    return Template(self.engine.get_template(template_name), self)
  File "D:\Myblog\xblogff\lib\site-packages\django\template\engine.py", line 162, in get_template
    template, origin = self.find_template(template_name)
  File "D:\Myblog\xblogff\lib\site-packages\django\template\engine.py", line 136, in find_template
    name, template_dirs=dirs, skip=skip,
  File "D:\Myblog\xblogff\lib\site-packages\django\template\loaders\base.py", line 44, in get_template
    contents, origin, origin.template_name, self.engine,
  File "D:\Myblog\xblogff\lib\site-packages\django\template\base.py", line 191, in __init__
    self.nodelist = self.compile_nodelist()
  File "D:\Myblog\xblogff\lib\site-packages\django\template\base.py", line 230, in compile_nodelist
    return parser.parse()
  File "D:\Myblog\xblogff\lib\site-packages\django\template\base.py", line 515, in parse
    raise self.error(token, e)
  File "D:\Myblog\xblogff\lib\site-packages\django\template\base.py", line 513, in parse
    compiled_result = compile_func(self, token)
  File "D:\Myblog\xblogff\lib\site-packages\django\template\loader_tags.py", line 312, in do_extends
    nodelist = parser.parse()
  File "D:\Myblog\xblogff\lib\site-packages\django\template\base.py", line 515, in parse
    raise self.error(token, e)
  File "D:\Myblog\xblogff\lib\site-packages\django\template\base.py", line 513, in parse
    compiled_result = compile_func(self, token)
  File "D:\Myblog\xblogff\lib\site-packages\django\template\loader_tags.py", line 261, in do_block
    parser.invalid_block_tag(endblock, 'endblock', acceptable_endblocks)
  File "D:\Myblog\xblogff\lib\site-packages\django\template\base.py", line 565, in invalid_block_tag
    get_text_list(["'%s'" % p for p in parse_until], 'or'),
django.template.exceptions.TemplateSyntaxError: Invalid block tag on line 53: 'endblock', expected 'endblock' or 'endblock main2'. Did you forget to register or load this tag?
2018-06-21 15:27:34,270 [Thread-5:15180] [django.request:135] [exception:handle_uncaught_exception] [ERROR]- Internal Server Error: /search/
Traceback (most recent call last):
  File "D:\Myblog\xblogff\lib\site-packages\django\template\base.py", line 882, in _resolve_lookup
    current = current[bit]
TypeError: 'Post' object is not subscriptable

During handling of the above exception, another exception occurred:

Traceback (most recent call last):
  File "D:\Myblog\xblogff\lib\site-packages\django\template\base.py", line 890, in _resolve_lookup
    current = getattr(current, bit)
AttributeError: 'Post' object has no attribute 'content'

During handling of the above exception, another exception occurred:

Traceback (most recent call last):
  File "D:\Myblog\xblogff\lib\site-packages\django\template\base.py", line 896, in _resolve_lookup
    current = current[int(bit)]
ValueError: invalid literal for int() with base 10: 'content'

During handling of the above exception, another exception occurred:

Traceback (most recent call last):
  File "D:\Myblog\xblogff\lib\site-packages\django\core\handlers\exception.py", line 41, in inner
    response = get_response(request)
  File "D:\Myblog\xblogff\lib\site-packages\django\core\handlers\base.py", line 187, in _get_response
    response = self.process_exception_by_middleware(e, request)
  File "D:\Myblog\xblogff\lib\site-packages\django\core\handlers\base.py", line 185, in _get_response
    response = wrapped_callback(request, *callback_args, **callback_kwargs)
  File "D:\Myblog\xblogff\lib\site-packages\haystack\views.py", line 51, in __call__
    return self.create_response()
  File "D:\Myblog\xblogff\lib\site-packages\haystack\views.py", line 152, in create_response
    return render(self.request, self.template, context)
  File "D:\Myblog\xblogff\lib\site-packages\django\shortcuts.py", line 30, in render
    content = loader.render_to_string(template_name, context, request, using=using)
  File "D:\Myblog\xblogff\lib\site-packages\django\template\loader.py", line 68, in render_to_string
    return template.render(context, request)
  File "D:\Myblog\xblogff\lib\site-packages\django\template\backends\django.py", line 66, in render
    return self.template.render(context)
  File "D:\Myblog\xblogff\lib\site-packages\django\template\base.py", line 207, in render
    return self._render(context)
  File "D:\Myblog\xblogff\lib\site-packages\django\template\base.py", line 199, in _render
    return self.nodelist.render(context)
  File "D:\Myblog\xblogff\lib\site-packages\django\template\base.py", line 990, in render
    bit = node.render_annotated(context)
  File "D:\Myblog\xblogff\lib\site-packages\django\template\base.py", line 957, in render_annotated
    return self.render(context)
  File "D:\Myblog\xblogff\lib\site-packages\django\template\loader_tags.py", line 177, in render
    return compiled_parent._render(context)
  File "D:\Myblog\xblogff\lib\site-packages\django\template\base.py", line 199, in _render
    return self.nodelist.render(context)
  File "D:\Myblog\xblogff\lib\site-packages\django\template\base.py", line 990, in render
    bit = node.render_annotated(context)
  File "D:\Myblog\xblogff\lib\site-packages\django\template\base.py", line 957, in render_annotated
    return self.render(context)
  File "D:\Myblog\xblogff\lib\site-packages\django\template\loader_tags.py", line 72, in render
    result = block.nodelist.render(context)
  File "D:\Myblog\xblogff\lib\site-packages\django\template\base.py", line 990, in render
    bit = node.render_annotated(context)
  File "D:\Myblog\xblogff\lib\site-packages\django\template\base.py", line 957, in render_annotated
    return self.render(context)
  File "D:\Myblog\xblogff\lib\site-packages\django\template\defaulttags.py", line 322, in render
    return nodelist.render(context)
  File "D:\Myblog\xblogff\lib\site-packages\django\template\base.py", line 990, in render
    bit = node.render_annotated(context)
  File "D:\Myblog\xblogff\lib\site-packages\django\template\base.py", line 957, in render_annotated
    return self.render(context)
  File "D:\Myblog\xblogff\lib\site-packages\django\template\defaulttags.py", line 216, in render
    nodelist.append(node.render_annotated(context))
  File "D:\Myblog\xblogff\lib\site-packages\django\template\base.py", line 957, in render_annotated
    return self.render(context)
  File "D:\Myblog\xblogff\lib\site-packages\haystack\templatetags\highlight.py", line 34, in render
    text_block = self.text_block.resolve(context)
  File "D:\Myblog\xblogff\lib\site-packages\django\template\base.py", line 849, in resolve
    value = self._resolve_lookup(context)
  File "D:\Myblog\xblogff\lib\site-packages\django\template\base.py", line 903, in _resolve_lookup
    (bit, current))  # missing attribute
django.template.base.VariableDoesNotExist: Failed lookup for key [content] in 'angry'
2018-06-21 15:31:12,475 [Thread-8:3332] [django.request:135] [exception:handle_uncaught_exception] [ERROR]- Internal Server Error: /search/
Traceback (most recent call last):
  File "D:\Myblog\xblogff\lib\site-packages\django\template\base.py", line 882, in _resolve_lookup
    current = current[bit]
TypeError: 'Post' object is not subscriptable

During handling of the above exception, another exception occurred:

Traceback (most recent call last):
  File "D:\Myblog\xblogff\lib\site-packages\django\template\base.py", line 890, in _resolve_lookup
    current = getattr(current, bit)
AttributeError: 'Post' object has no attribute 'content'

During handling of the above exception, another exception occurred:

Traceback (most recent call last):
  File "D:\Myblog\xblogff\lib\site-packages\django\template\base.py", line 896, in _resolve_lookup
    current = current[int(bit)]
ValueError: invalid literal for int() with base 10: 'content'

During handling of the above exception, another exception occurred:

Traceback (most recent call last):
  File "D:\Myblog\xblogff\lib\site-packages\django\core\handlers\exception.py", line 41, in inner
    response = get_response(request)
  File "D:\Myblog\xblogff\lib\site-packages\django\core\handlers\base.py", line 187, in _get_response
    response = self.process_exception_by_middleware(e, request)
  File "D:\Myblog\xblogff\lib\site-packages\django\core\handlers\base.py", line 185, in _get_response
    response = wrapped_callback(request, *callback_args, **callback_kwargs)
  File "D:\Myblog\xblogff\lib\site-packages\haystack\views.py", line 51, in __call__
    return self.create_response()
  File "D:\Myblog\xblogff\lib\site-packages\haystack\views.py", line 152, in create_response
    return render(self.request, self.template, context)
  File "D:\Myblog\xblogff\lib\site-packages\django\shortcuts.py", line 30, in render
    content = loader.render_to_string(template_name, context, request, using=using)
  File "D:\Myblog\xblogff\lib\site-packages\django\template\loader.py", line 68, in render_to_string
    return template.render(context, request)
  File "D:\Myblog\xblogff\lib\site-packages\django\template\backends\django.py", line 66, in render
    return self.template.render(context)
  File "D:\Myblog\xblogff\lib\site-packages\django\template\base.py", line 207, in render
    return self._render(context)
  File "D:\Myblog\xblogff\lib\site-packages\django\template\base.py", line 199, in _render
    return self.nodelist.render(context)
  File "D:\Myblog\xblogff\lib\site-packages\django\template\base.py", line 990, in render
    bit = node.render_annotated(context)
  File "D:\Myblog\xblogff\lib\site-packages\django\template\base.py", line 957, in render_annotated
    return self.render(context)
  File "D:\Myblog\xblogff\lib\site-packages\django\template\loader_tags.py", line 177, in render
    return compiled_parent._render(context)
  File "D:\Myblog\xblogff\lib\site-packages\django\template\base.py", line 199, in _render
    return self.nodelist.render(context)
  File "D:\Myblog\xblogff\lib\site-packages\django\template\base.py", line 990, in render
    bit = node.render_annotated(context)
  File "D:\Myblog\xblogff\lib\site-packages\django\template\base.py", line 957, in render_annotated
    return self.render(context)
  File "D:\Myblog\xblogff\lib\site-packages\django\template\loader_tags.py", line 72, in render
    result = block.nodelist.render(context)
  File "D:\Myblog\xblogff\lib\site-packages\django\template\base.py", line 990, in render
    bit = node.render_annotated(context)
  File "D:\Myblog\xblogff\lib\site-packages\django\template\base.py", line 957, in render_annotated
    return self.render(context)
  File "D:\Myblog\xblogff\lib\site-packages\django\template\defaulttags.py", line 322, in render
    return nodelist.render(context)
  File "D:\Myblog\xblogff\lib\site-packages\django\template\base.py", line 990, in render
    bit = node.render_annotated(context)
  File "D:\Myblog\xblogff\lib\site-packages\django\template\base.py", line 957, in render_annotated
    return self.render(context)
  File "D:\Myblog\xblogff\lib\site-packages\django\template\defaulttags.py", line 216, in render
    nodelist.append(node.render_annotated(context))
  File "D:\Myblog\xblogff\lib\site-packages\django\template\base.py", line 957, in render_annotated
    return self.render(context)
  File "D:\Myblog\xblogff\lib\site-packages\haystack\templatetags\highlight.py", line 34, in render
    text_block = self.text_block.resolve(context)
  File "D:\Myblog\xblogff\lib\site-packages\django\template\base.py", line 849, in resolve
    value = self._resolve_lookup(context)
  File "D:\Myblog\xblogff\lib\site-packages\django\template\base.py", line 903, in _resolve_lookup
    (bit, current))  # missing attribute
django.template.base.VariableDoesNotExist: Failed lookup for key [content] in '’‚ «∏ˆ≤‚ ‘'
